2024-07-05 09:28:01 客户端（192.168.19.128）已连接。
2024-07-05 09:28:01 192.168.19.128 login ok.
2024-07-05 09:28:01 recv /myproject/myserver/surfdata/SURF_ZH_20240705092800_3774.xml(125591) ...ok.
2024-07-05 09:29:01 recv /myproject/myserver/surfdata/SURF_ZH_20240705092900_5613.xml(125575) ...ok.
2024-07-05 09:30:01 recv /myproject/myserver/surfdata/SURF_ZH_20240705093000_5750.xml(125588) ...ok.
2024-07-05 09:31:01 recv /myproject/myserver/surfdata/SURF_ZH_20240705093100_5816.xml(125557) ...ok.
2024-07-05 09:32:02 recv /myproject/myserver/surfdata/SURF_ZH_20240705093200_5878.xml(125614) ...ok.
2024-07-05 09:33:02 recv /myproject/myserver/surfdata/SURF_ZH_20240705093300_5942.xml(125587) ...ok.
2024-07-05 09:34:02 recv /myproject/myserver/surfdata/SURF_ZH_20240705093400_6003.xml(125577) ...ok.
2024-07-05 09:35:02 recv /myproject/myserver/surfdata/SURF_ZH_20240705093500_6065.xml(125587) ...ok.
2024-07-05 09:36:02 recv /myproject/myserver/surfdata/SURF_ZH_20240705093600_6126.xml(125570) ...ok.
2024-07-05 09:37:02 recv /myproject/myserver/surfdata/SURF_ZH_20240705093700_6188.xml(125545) ...ok.
2024-07-05 09:38:03 recv /myproject/myserver/surfdata/SURF_ZH_20240705093800_6253.xml(125552) ...ok.
2024-07-05 09:39:03 recv /myproject/myserver/surfdata/SURF_ZH_20240705093900_6315.xml(125589) ...ok.
2024-07-05 09:40:03 recv /myproject/myserver/surfdata/SURF_ZH_20240705094000_6381.xml(125620) ...ok.
2024-07-05 09:41:03 recv /myproject/myserver/surfdata/SURF_ZH_20240705094100_6443.xml(125602) ...ok.
2024-07-05 09:42:03 recv /myproject/myserver/surfdata/SURF_ZH_20240705094200_6505.xml(125559) ...ok.
2024-07-05 09:43:03 recv /myproject/myserver/surfdata/SURF_ZH_20240705094300_6590.xml(125556) ...ok.
2024-07-05 09:44:03 recv /myproject/myserver/surfdata/SURF_ZH_20240705094400_6652.xml(125554) ...ok.
2024-07-05 09:45:03 recv /myproject/myserver/surfdata/SURF_ZH_20240705094500_6713.xml(125597) ...ok.
2024-07-05 09:46:04 recv /myproject/myserver/surfdata/SURF_ZH_20240705094600_6777.xml(125521) ...ok.
2024-07-05 09:47:04 recv /myproject/myserver/surfdata/SURF_ZH_20240705094700_6839.xml(125553) ...ok.
2024-07-05 09:48:04 recv /myproject/myserver/surfdata/SURF_ZH_20240705094800_6903.xml(125633) ...ok.
2024-07-05 09:49:04 recv /myproject/myserver/surfdata/SURF_ZH_20240705094900_6964.xml(125562) ...ok.
2024-07-05 09:50:04 recv /myproject/myserver/surfdata/SURF_ZH_20240705095000_7031.xml(125634) ...ok.
2024-07-05 09:51:04 recv /myproject/myserver/surfdata/SURF_ZH_20240705095100_7092.xml(125576) ...ok.
2024-07-05 09:52:04 recv /myproject/myserver/surfdata/SURF_ZH_20240705095200_7153.xml(125577) ...ok.
2024-07-05 09:53:05 recv /myproject/myserver/surfdata/SURF_ZH_20240705095300_7218.xml(125614) ...ok.
2024-07-05 09:54:05 recv /myproject/myserver/surfdata/SURF_ZH_20240705095400_7279.xml(125573) ...ok.
2024-07-05 09:55:05 recv /myproject/myserver/surfdata/SURF_ZH_20240705095500_7341.xml(125583) ...ok.
2024-07-05 09:56:05 recv /myproject/myserver/surfdata/SURF_ZH_20240705095600_7403.xml(125587) ...ok.
2024-07-05 09:57:05 recv /myproject/myserver/surfdata/SURF_ZH_20240705095700_7485.xml(125598) ...ok.
2024-07-05 09:58:05 recv /myproject/myserver/surfdata/SURF_ZH_20240705095800_7550.xml(125561) ...ok.
2024-07-05 09:59:05 recv /myproject/myserver/surfdata/SURF_ZH_20240705095900_7612.xml(125578) ...ok.
2024-07-05 10:00:05 recv /myproject/myserver/surfdata/SURF_ZH_20240705100000_7678.xml(125581) ...ok.
2024-07-05 10:01:06 recv /myproject/myserver/surfdata/SURF_ZH_20240705100100_7752.xml(125603) ...ok.
2024-07-05 10:02:06 recv /myproject/myserver/surfdata/SURF_ZH_20240705100200_7814.xml(125587) ...ok.
2024-07-05 10:03:06 recv /myproject/myserver/surfdata/SURF_ZH_20240705100300_7879.xml(125598) ...ok.
2024-07-05 10:04:06 recv /myproject/myserver/surfdata/SURF_ZH_20240705100400_7940.xml(125601) ...ok.
2024-07-05 10:05:06 recv /myproject/myserver/surfdata/SURF_ZH_20240705100500_8002.xml(125536) ...ok.
2024-07-05 10:06:06 recv /myproject/myserver/surfdata/SURF_ZH_20240705100600_8064.xml(125608) ...ok.
2024-07-05 10:07:06 recv /myproject/myserver/surfdata/SURF_ZH_20240705100700_8125.xml(125565) ...ok.
2024-07-05 10:08:06 recv /myproject/myserver/surfdata/SURF_ZH_20240705100800_8190.xml(125581) ...ok.
2024-07-05 10:09:07 recv /myproject/myserver/surfdata/SURF_ZH_20240705100900_8271.xml(125588) ...ok.
2024-07-05 10:10:07 recv /myproject/myserver/surfdata/SURF_ZH_20240705101000_8337.xml(125566) ...ok.
2024-07-05 10:11:07 recv /myproject/myserver/surfdata/SURF_ZH_20240705101100_8400.xml(125538) ...ok.
2024-07-05 10:12:07 recv /myproject/myserver/surfdata/SURF_ZH_20240705101200_8461.xml(125538) ...ok.
2024-07-05 10:13:07 recv /myproject/myserver/surfdata/SURF_ZH_20240705101300_8525.xml(125590) ...ok.
2024-07-05 10:14:07 recv /myproject/myserver/surfdata/SURF_ZH_20240705101400_8588.xml(125601) ...ok.
2024-07-05 10:15:07 recv /myproject/myserver/surfdata/SURF_ZH_20240705101500_8649.xml(125541) ...ok.
2024-07-05 10:16:08 recv /myproject/myserver/surfdata/SURF_ZH_20240705101600_8710.xml(125539) ...ok.
2024-07-05 10:17:08 recv /myproject/myserver/surfdata/SURF_ZH_20240705101700_8772.xml(125608) ...ok.
2024-07-05 10:18:08 recv /myproject/myserver/surfdata/SURF_ZH_20240705101800_8836.xml(125569) ...ok.
2024-07-05 10:19:08 recv /myproject/myserver/surfdata/SURF_ZH_20240705101900_8898.xml(125564) ...ok.
2024-07-05 10:20:08 recv /myproject/myserver/surfdata/SURF_ZH_20240705102000_8986.xml(125588) ...ok.
2024-07-05 10:21:08 recv /myproject/myserver/surfdata/SURF_ZH_20240705102100_9081.xml(125580) ...ok.
2024-07-05 10:22:08 recv /myproject/myserver/surfdata/SURF_ZH_20240705102200_9142.xml(125564) ...ok.
2024-07-05 10:23:08 recv /myproject/myserver/surfdata/SURF_ZH_20240705102300_9208.xml(125605) ...ok.
2024-07-05 10:24:09 recv /myproject/myserver/surfdata/SURF_ZH_20240705102400_9324.xml(125537) ...ok.
2024-07-05 10:25:09 recv /myproject/myserver/surfdata/SURF_ZH_20240705102500_9447.xml(125539) ...ok.
2024-07-05 10:26:09 recv /myproject/myserver/surfdata/SURF_ZH_20240705102600_9509.xml(125602) ...ok.
2024-07-05 10:27:09 recv /myproject/myserver/surfdata/SURF_ZH_20240705102700_9570.xml(125576) ...ok.
2024-07-05 10:28:09 recv /myproject/myserver/surfdata/SURF_ZH_20240705102800_9634.xml(125620) ...ok.
2024-07-05 10:29:09 recv /myproject/myserver/surfdata/SURF_ZH_20240705102900_9696.xml(125548) ...ok.
2024-07-05 10:30:09 recv /myproject/myserver/surfdata/SURF_ZH_20240705103000_9764.xml(125555) ...ok.
2024-07-05 10:31:10 recv /myproject/myserver/surfdata/SURF_ZH_20240705103100_9825.xml(125573) ...ok.
2024-07-05 10:32:10 recv /myproject/myserver/surfdata/SURF_ZH_20240705103200_9887.xml(125563) ...ok.
2024-07-05 10:33:10 recv /myproject/myserver/surfdata/SURF_ZH_20240705103300_9967.xml(125552) ...ok.
2024-07-05 10:34:10 recv /myproject/myserver/surfdata/SURF_ZH_20240705103400_10032.xml(125550) ...ok.
2024-07-05 10:35:10 recv /myproject/myserver/surfdata/SURF_ZH_20240705103500_10095.xml(125571) ...ok.
2024-07-05 10:36:10 recv /myproject/myserver/surfdata/SURF_ZH_20240705103600_10156.xml(125621) ...ok.
2024-07-05 10:37:10 recv /myproject/myserver/surfdata/SURF_ZH_20240705103700_10217.xml(125577) ...ok.
2024-07-05 10:38:11 recv /myproject/myserver/surfdata/SURF_ZH_20240705103800_10283.xml(125575) ...ok.
2024-07-05 10:39:11 recv /myproject/myserver/surfdata/SURF_ZH_20240705103900_10344.xml(125543) ...ok.
2024-07-05 10:40:11 recv /myproject/myserver/surfdata/SURF_ZH_20240705104000_10411.xml(125576) ...ok.
2024-07-05 10:41:11 recv /myproject/myserver/surfdata/SURF_ZH_20240705104100_10474.xml(125567) ...ok.
2024-07-05 10:42:11 recv /myproject/myserver/surfdata/SURF_ZH_20240705104200_10535.xml(125618) ...ok.
2024-07-05 10:43:11 recv /myproject/myserver/surfdata/SURF_ZH_20240705104300_10600.xml(125610) ...ok.
2024-07-05 10:44:11 recv /myproject/myserver/surfdata/SURF_ZH_20240705104400_10662.xml(125584) ...ok.
2024-07-05 10:45:11 recv /myproject/myserver/surfdata/SURF_ZH_20240705104500_10757.xml(125579) ...ok.
2024-07-05 10:46:12 recv /myproject/myserver/surfdata/SURF_ZH_20240705104600_10818.xml(125607) ...ok.
2024-07-05 10:47:12 recv /myproject/myserver/surfdata/SURF_ZH_20240705104700_10880.xml(125548) ...ok.
2024-07-05 10:48:12 recv /myproject/myserver/surfdata/SURF_ZH_20240705104800_10964.xml(125576) ...ok.
2024-07-05 10:49:12 recv /myproject/myserver/surfdata/SURF_ZH_20240705104900_11025.xml(125614) ...ok.
2024-07-05 10:50:12 recv /myproject/myserver/surfdata/SURF_ZH_20240705105000_11092.xml(125597) ...ok.
2024-07-05 10:51:12 recv /myproject/myserver/surfdata/SURF_ZH_20240705105100_11154.xml(125572) ...ok.
2024-07-05 10:52:12 recv /myproject/myserver/surfdata/SURF_ZH_20240705105200_11215.xml(125547) ...ok.
2024-07-05 10:53:13 recv /myproject/myserver/surfdata/SURF_ZH_20240705105300_11280.xml(125594) ...ok.
2024-07-05 10:54:13 recv /myproject/myserver/surfdata/SURF_ZH_20240705105400_11342.xml(125601) ...ok.
2024-07-05 10:55:13 recv /myproject/myserver/surfdata/SURF_ZH_20240705105500_11403.xml(125559) ...ok.
2024-07-05 10:56:13 recv /myproject/myserver/surfdata/SURF_ZH_20240705105600_11465.xml(125602) ...ok.
2024-07-05 10:57:13 recv /myproject/myserver/surfdata/SURF_ZH_20240705105700_11526.xml(125573) ...ok.
2024-07-05 10:58:13 recv /myproject/myserver/surfdata/SURF_ZH_20240705105800_11590.xml(125625) ...ok.
2024-07-05 10:59:13 recv /myproject/myserver/surfdata/SURF_ZH_20240705105900_11653.xml(125540) ...ok.
2024-07-05 11:00:13 recv /myproject/myserver/surfdata/SURF_ZH_20240705110000_11719.xml(125577) ...ok.
2024-07-05 11:01:14 recv /myproject/myserver/surfdata/SURF_ZH_20240705110100_11792.xml(125606) ...ok.
2024-07-05 11:02:14 recv /myproject/myserver/surfdata/SURF_ZH_20240705110200_11875.xml(125583) ...ok.
2024-07-05 11:03:14 recv /myproject/myserver/surfdata/SURF_ZH_20240705110300_11939.xml(125548) ...ok.
2024-07-05 11:04:14 recv /myproject/myserver/surfdata/SURF_ZH_20240705110400_12000.xml(125606) ...ok.
2024-07-05 11:05:14 recv /myproject/myserver/surfdata/SURF_ZH_20240705110500_12063.xml(125540) ...ok.
2024-07-05 11:06:14 recv /myproject/myserver/surfdata/SURF_ZH_20240705110600_12124.xml(125600) ...ok.
2024-07-05 11:07:14 recv /myproject/myserver/surfdata/SURF_ZH_20240705110700_12186.xml(125544) ...ok.
2024-07-05 11:08:15 recv /myproject/myserver/surfdata/SURF_ZH_20240705110800_12251.xml(125602) ...ok.
2024-07-05 11:09:15 recv /myproject/myserver/surfdata/SURF_ZH_20240705110900_12313.xml(125528) ...ok.
2024-07-05 11:10:15 recv /myproject/myserver/surfdata/SURF_ZH_20240705111000_12380.xml(125567) ...ok.
2024-07-05 11:11:15 recv /myproject/myserver/surfdata/SURF_ZH_20240705111100_12442.xml(125566) ...ok.
2024-07-05 11:12:15 recv /myproject/myserver/surfdata/SURF_ZH_20240705111200_12503.xml(125588) ...ok.
2024-07-05 11:13:15 recv /myproject/myserver/surfdata/SURF_ZH_20240705111300_12567.xml(125600) ...ok.
2024-07-05 11:14:15 recv /myproject/myserver/surfdata/SURF_ZH_20240705111400_12649.xml(125573) ...ok.
2024-07-05 11:15:15 recv /myproject/myserver/surfdata/SURF_ZH_20240705111500_12711.xml(125543) ...ok.
2024-07-05 11:16:16 recv /myproject/myserver/surfdata/SURF_ZH_20240705111600_12772.xml(125583) ...ok.
2024-07-05 11:17:16 recv /myproject/myserver/surfdata/SURF_ZH_20240705111700_12834.xml(125598) ...ok.
2024-07-05 11:18:16 recv /myproject/myserver/surfdata/SURF_ZH_20240705111800_12899.xml(125592) ...ok.
2024-07-05 11:19:16 recv /myproject/myserver/surfdata/SURF_ZH_20240705111900_12960.xml(125600) ...ok.
2024-07-05 11:20:16 recv /myproject/myserver/surfdata/SURF_ZH_20240705112000_13027.xml(125603) ...ok.
2024-07-05 11:21:16 recv /myproject/myserver/surfdata/SURF_ZH_20240705112100_13089.xml(125584) ...ok.
2024-07-05 11:22:16 recv /myproject/myserver/surfdata/SURF_ZH_20240705112200_13150.xml(125513) ...ok.
2024-07-05 11:23:17 recv /myproject/myserver/surfdata/SURF_ZH_20240705112300_13216.xml(125574) ...ok.
2024-07-05 11:24:17 recv /myproject/myserver/surfdata/SURF_ZH_20240705112400_13277.xml(125581) ...ok.
2024-07-05 11:25:17 recv /myproject/myserver/surfdata/SURF_ZH_20240705112500_13339.xml(125575) ...ok.
2024-07-05 11:26:17 recv /myproject/myserver/surfdata/SURF_ZH_20240705112600_13402.xml(125619) ...ok.
2024-07-05 11:27:17 recv /myproject/myserver/surfdata/SURF_ZH_20240705112700_13463.xml(125601) ...ok.
2024-07-05 11:28:17 recv /myproject/myserver/surfdata/SURF_ZH_20240705112800_13547.xml(125591) ...ok.
2024-07-05 11:29:17 recv /myproject/myserver/surfdata/SURF_ZH_20240705112900_13609.xml(125583) ...ok.
2024-07-05 11:30:17 recv /myproject/myserver/surfdata/SURF_ZH_20240705113000_13675.xml(125594) ...ok.
2024-07-05 11:31:18 recv /myproject/myserver/surfdata/SURF_ZH_20240705113100_13737.xml(125570) ...ok.
2024-07-05 11:32:18 recv /myproject/myserver/surfdata/SURF_ZH_20240705113200_13799.xml(125576) ...ok.
2024-07-05 11:33:18 recv /myproject/myserver/surfdata/SURF_ZH_20240705113300_13863.xml(125512) ...ok.
2024-07-05 11:34:18 recv /myproject/myserver/surfdata/SURF_ZH_20240705113400_13925.xml(125627) ...ok.
2024-07-05 11:35:18 recv /myproject/myserver/surfdata/SURF_ZH_20240705113500_13987.xml(125565) ...ok.
2024-07-05 11:36:18 recv /myproject/myserver/surfdata/SURF_ZH_20240705113600_14048.xml(125555) ...ok.
2024-07-05 11:37:18 recv /myproject/myserver/surfdata/SURF_ZH_20240705113700_14109.xml(125614) ...ok.
2024-07-05 11:38:19 recv /myproject/myserver/surfdata/SURF_ZH_20240705113800_14174.xml(125561) ...ok.
2024-07-05 11:39:19 recv /myproject/myserver/surfdata/SURF_ZH_20240705113900_14299.xml(125599) ...ok.
2024-07-05 11:40:19 recv /myproject/myserver/surfdata/SURF_ZH_20240705114000_14365.xml(125559) ...ok.
2024-07-05 11:41:19 recv /myproject/myserver/surfdata/SURF_ZH_20240705114100_14427.xml(125554) ...ok.
2024-07-05 11:42:19 recv /myproject/myserver/surfdata/SURF_ZH_20240705114200_14488.xml(125564) ...ok.
2024-07-05 11:43:19 recv /myproject/myserver/surfdata/SURF_ZH_20240705114300_14572.xml(125560) ...ok.
2024-07-05 11:44:19 recv /myproject/myserver/surfdata/SURF_ZH_20240705114400_14634.xml(125586) ...ok.
2024-07-05 11:45:19 recv /myproject/myserver/surfdata/SURF_ZH_20240705114500_14695.xml(125629) ...ok.
2024-07-05 11:46:20 recv /myproject/myserver/surfdata/SURF_ZH_20240705114600_14756.xml(125566) ...ok.
2024-07-05 11:47:20 recv /myproject/myserver/surfdata/SURF_ZH_20240705114700_14819.xml(125558) ...ok.
2024-07-05 11:48:20 recv /myproject/myserver/surfdata/SURF_ZH_20240705114800_14883.xml(125544) ...ok.
2024-07-05 11:49:20 recv /myproject/myserver/surfdata/SURF_ZH_20240705114900_14944.xml(125584) ...ok.
2024-07-05 11:50:20 recv /myproject/myserver/surfdata/SURF_ZH_20240705115000_15012.xml(125544) ...ok.
2024-07-05 11:51:20 recv /myproject/myserver/surfdata/SURF_ZH_20240705115100_15085.xml(125574) ...ok.
2024-07-05 11:52:21 recv /myproject/myserver/surfdata/SURF_ZH_20240705115200_15146.xml(125587) ...ok.
2024-07-05 11:53:21 recv /myproject/myserver/surfdata/SURF_ZH_20240705115300_15213.xml(125635) ...ok.
2024-07-05 11:54:21 recv /myproject/myserver/surfdata/SURF_ZH_20240705115400_15274.xml(125545) ...ok.
2024-07-05 11:55:21 recv /myproject/myserver/surfdata/SURF_ZH_20240705115500_15336.xml(125584) ...ok.
2024-07-05 11:56:21 recv /myproject/myserver/surfdata/SURF_ZH_20240705115600_15418.xml(125562) ...ok.
2024-07-05 11:57:21 recv /myproject/myserver/surfdata/SURF_ZH_20240705115700_15479.xml(125590) ...ok.
2024-07-05 11:58:21 recv /myproject/myserver/surfdata/SURF_ZH_20240705115800_15544.xml(125578) ...ok.
2024-07-05 11:59:22 recv /myproject/myserver/surfdata/SURF_ZH_20240705115900_15606.xml(125544) ...ok.
2024-07-05 12:00:22 recv /myproject/myserver/surfdata/SURF_ZH_20240705120000_15672.xml(125594) ...ok.
2024-07-05 12:01:22 recv /myproject/myserver/surfdata/SURF_ZH_20240705120100_15745.xml(125575) ...ok.
2024-07-05 12:02:22 recv /myproject/myserver/surfdata/SURF_ZH_20240705120200_15807.xml(125557) ...ok.
2024-07-05 12:03:22 recv /myproject/myserver/surfdata/SURF_ZH_20240705120300_15872.xml(125565) ...ok.
2024-07-05 12:04:22 recv /myproject/myserver/surfdata/SURF_ZH_20240705120400_15933.xml(125550) ...ok.
2024-07-05 12:05:22 recv /myproject/myserver/surfdata/SURF_ZH_20240705120500_15995.xml(125592) ...ok.
2024-07-05 12:06:23 recv /myproject/myserver/surfdata/SURF_ZH_20240705120600_16057.xml(125599) ...ok.
2024-07-05 12:07:23 recv /myproject/myserver/surfdata/SURF_ZH_20240705120700_16118.xml(125544) ...ok.
2024-07-05 12:08:23 recv /myproject/myserver/surfdata/SURF_ZH_20240705120800_16183.xml(125550) ...ok.
2024-07-05 12:09:23 recv /myproject/myserver/surfdata/SURF_ZH_20240705120900_16264.xml(125556) ...ok.
2024-07-05 12:10:23 recv /myproject/myserver/surfdata/SURF_ZH_20240705121000_16330.xml(125544) ...ok.
2024-07-05 12:11:23 recv /myproject/myserver/surfdata/SURF_ZH_20240705121100_16393.xml(125570) ...ok.
2024-07-05 12:12:23 recv /myproject/myserver/surfdata/SURF_ZH_20240705121200_16456.xml(125613) ...ok.
2024-07-05 12:13:23 recv /myproject/myserver/surfdata/SURF_ZH_20240705121300_16520.xml(125567) ...ok.
2024-07-05 12:14:24 recv /myproject/myserver/surfdata/SURF_ZH_20240705121400_16583.xml(125547) ...ok.
2024-07-05 12:15:24 recv /myproject/myserver/surfdata/SURF_ZH_20240705121500_16643.xml(125608) ...ok.
2024-07-05 12:16:27 recv /myproject/myserver/surfdata/SURF_ZH_20240705121600_16790.xml(125547) ...ok.
2024-07-05 12:17:27 recv /myproject/myserver/surfdata/SURF_ZH_20240705121700_16874.xml(125563) ...ok.
2024-07-05 12:18:28 recv /myproject/myserver/surfdata/SURF_ZH_20240705121800_16938.xml(125584) ...ok.
2024-07-05 12:19:28 recv /myproject/myserver/surfdata/SURF_ZH_20240705121900_17000.xml(125550) ...ok.
2024-07-05 12:20:28 recv /myproject/myserver/surfdata/SURF_ZH_20240705122000_17067.xml(125559) ...ok.
2024-07-05 12:21:28 recv /myproject/myserver/surfdata/SURF_ZH_20240705122100_17128.xml(125586) ...ok.
2024-07-05 12:22:28 recv /myproject/myserver/surfdata/SURF_ZH_20240705122200_17211.xml(125541) ...ok.
2024-07-05 12:23:28 recv /myproject/myserver/surfdata/SURF_ZH_20240705122300_17276.xml(125600) ...ok.
2024-07-05 12:24:28 recv /myproject/myserver/surfdata/SURF_ZH_20240705122400_17337.xml(125585) ...ok.
2024-07-05 12:25:29 recv /myproject/myserver/surfdata/SURF_ZH_20240705122500_17400.xml(125587) ...ok.
2024-07-05 12:26:29 recv /myproject/myserver/surfdata/SURF_ZH_20240705122600_17462.xml(125535) ...ok.
2024-07-05 12:27:29 recv /myproject/myserver/surfdata/SURF_ZH_20240705122700_17523.xml(125604) ...ok.
2024-07-05 12:28:29 recv /myproject/myserver/surfdata/SURF_ZH_20240705122800_17589.xml(125583) ...ok.
2024-07-05 12:29:29 recv /myproject/myserver/surfdata/SURF_ZH_20240705122900_17651.xml(125609) ...ok.
2024-07-05 12:30:29 recv /myproject/myserver/surfdata/SURF_ZH_20240705123000_17718.xml(125611) ...ok.
2024-07-05 12:31:29 recv /myproject/myserver/surfdata/SURF_ZH_20240705123100_17780.xml(125542) ...ok.
2024-07-05 12:32:29 recv /myproject/myserver/surfdata/SURF_ZH_20240705123200_17842.xml(125585) ...ok.
2024-07-05 12:33:30 recv /myproject/myserver/surfdata/SURF_ZH_20240705123300_17907.xml(125580) ...ok.
2024-07-05 12:34:30 recv /myproject/myserver/surfdata/SURF_ZH_20240705123400_17969.xml(125579) ...ok.
2024-07-05 12:35:30 recv /myproject/myserver/surfdata/SURF_ZH_20240705123500_18055.xml(125576) ...ok.
2024-07-05 12:36:30 recv /myproject/myserver/surfdata/SURF_ZH_20240705123600_18116.xml(125571) ...ok.
2024-07-05 12:37:30 recv /myproject/myserver/surfdata/SURF_ZH_20240705123700_18178.xml(125608) ...ok.
2024-07-05 12:38:30 recv /myproject/myserver/surfdata/SURF_ZH_20240705123800_18243.xml(125557) ...ok.
2024-07-05 12:39:30 recv /myproject/myserver/surfdata/SURF_ZH_20240705123900_18304.xml(125587) ...ok.
2024-07-05 12:40:31 recv /myproject/myserver/surfdata/SURF_ZH_20240705124000_18371.xml(125595) ...ok.
2024-07-05 12:41:31 recv /myproject/myserver/surfdata/SURF_ZH_20240705124100_18433.xml(125558) ...ok.
2024-07-05 12:42:31 recv /myproject/myserver/surfdata/SURF_ZH_20240705124200_18494.xml(125587) ...ok.
2024-07-05 12:43:31 recv /myproject/myserver/surfdata/SURF_ZH_20240705124300_18644.xml(125574) ...ok.
2024-07-05 12:44:31 recv /myproject/myserver/surfdata/SURF_ZH_20240705124400_18706.xml(125572) ...ok.
2024-07-05 12:45:31 recv /myproject/myserver/surfdata/SURF_ZH_20240705124500_18767.xml(125618) ...ok.
2024-07-05 12:46:31 recv /myproject/myserver/surfdata/SURF_ZH_20240705124600_18829.xml(125548) ...ok.
2024-07-05 12:47:32 recv /myproject/myserver/surfdata/SURF_ZH_20240705124700_18914.xml(125547) ...ok.
2024-07-05 12:48:32 recv /myproject/myserver/surfdata/SURF_ZH_20240705124800_18979.xml(125583) ...ok.
2024-07-05 12:49:32 recv /myproject/myserver/surfdata/SURF_ZH_20240705124900_19043.xml(125618) ...ok.
2024-07-05 12:50:32 recv /myproject/myserver/surfdata/SURF_ZH_20240705125000_19109.xml(125535) ...ok.
2024-07-05 12:51:32 recv /myproject/myserver/surfdata/SURF_ZH_20240705125100_19170.xml(125594) ...ok.
2024-07-05 12:52:32 recv /myproject/myserver/surfdata/SURF_ZH_20240705125200_19232.xml(125512) ...ok.
2024-07-05 12:53:32 recv /myproject/myserver/surfdata/SURF_ZH_20240705125300_19297.xml(125583) ...ok.
2024-07-05 12:54:33 recv /myproject/myserver/surfdata/SURF_ZH_20240705125400_19359.xml(125609) ...ok.
2024-07-05 12:55:33 recv /myproject/myserver/surfdata/SURF_ZH_20240705125500_19421.xml(125593) ...ok.
2024-07-05 12:56:33 recv /myproject/myserver/surfdata/SURF_ZH_20240705125600_19482.xml(125535) ...ok.
2024-07-05 12:57:33 recv /myproject/myserver/surfdata/SURF_ZH_20240705125700_19544.xml(125553) ...ok.
2024-07-05 12:58:33 recv /myproject/myserver/surfdata/SURF_ZH_20240705125800_19608.xml(125529) ...ok.
2024-07-05 12:59:33 recv /myproject/myserver/surfdata/SURF_ZH_20240705125900_19674.xml(125580) ...ok.
2024-07-05 13:00:33 recv /myproject/myserver/surfdata/SURF_ZH_20240705130000_19740.xml(125582) ...ok.
2024-07-05 13:01:34 recv /myproject/myserver/surfdata/SURF_ZH_20240705130100_19834.xml(125564) ...ok.
2024-07-05 13:02:34 recv /myproject/myserver/surfdata/SURF_ZH_20240705130200_19896.xml(125581) ...ok.
2024-07-05 13:03:34 recv /myproject/myserver/surfdata/SURF_ZH_20240705130300_19960.xml(125545) ...ok.
2024-07-05 13:04:34 recv /myproject/myserver/surfdata/SURF_ZH_20240705130400_20023.xml(125584) ...ok.
2024-07-05 13:05:34 recv /myproject/myserver/surfdata/SURF_ZH_20240705130500_20085.xml(125585) ...ok.
2024-07-05 13:06:34 recv /myproject/myserver/surfdata/SURF_ZH_20240705130600_20146.xml(125584) ...ok.
2024-07-05 13:07:34 recv /myproject/myserver/surfdata/SURF_ZH_20240705130700_20208.xml(125589) ...ok.
2024-07-05 13:08:35 recv /myproject/myserver/surfdata/SURF_ZH_20240705130800_20272.xml(125540) ...ok.
2024-07-05 13:09:35 recv /myproject/myserver/surfdata/SURF_ZH_20240705130900_20334.xml(125576) ...ok.
2024-07-05 13:10:35 recv /myproject/myserver/surfdata/SURF_ZH_20240705131000_20402.xml(125575) ...ok.
2024-07-05 13:11:35 recv /myproject/myserver/surfdata/SURF_ZH_20240705131100_20463.xml(125521) ...ok.
2024-07-05 13:12:35 recv /myproject/myserver/surfdata/SURF_ZH_20240705131200_20524.xml(125605) ...ok.
2024-07-05 13:13:35 recv /myproject/myserver/surfdata/SURF_ZH_20240705131300_20590.xml(125581) ...ok.
2024-07-05 13:14:35 recv /myproject/myserver/surfdata/SURF_ZH_20240705131400_20671.xml(125540) ...ok.
2024-07-05 13:15:36 recv /myproject/myserver/surfdata/SURF_ZH_20240705131500_20732.xml(125612) ...ok.
2024-07-05 13:16:36 recv /myproject/myserver/surfdata/SURF_ZH_20240705131600_20794.xml(125544) ...ok.
2024-07-05 13:17:36 recv /myproject/myserver/surfdata/SURF_ZH_20240705131700_20855.xml(125617) ...ok.
2024-07-05 13:18:36 recv /myproject/myserver/surfdata/SURF_ZH_20240705131800_20920.xml(125594) ...ok.
2024-07-05 13:19:36 recv /myproject/myserver/surfdata/SURF_ZH_20240705131900_20982.xml(125576) ...ok.
2024-07-05 13:20:36 recv /myproject/myserver/surfdata/SURF_ZH_20240705132000_21049.xml(125567) ...ok.
2024-07-05 13:21:36 recv /myproject/myserver/surfdata/SURF_ZH_20240705132100_21111.xml(125508) ...ok.
2024-07-05 13:22:37 recv /myproject/myserver/surfdata/SURF_ZH_20240705132200_21173.xml(125617) ...ok.
2024-07-05 13:23:37 recv /myproject/myserver/surfdata/SURF_ZH_20240705132300_21237.xml(125537) ...ok.
2024-07-05 13:24:37 recv /myproject/myserver/surfdata/SURF_ZH_20240705132400_21343.xml(125559) ...ok.
2024-07-05 13:25:37 recv /myproject/myserver/surfdata/SURF_ZH_20240705132500_21405.xml(125568) ...ok.
2024-07-05 13:26:37 recv /myproject/myserver/surfdata/SURF_ZH_20240705132600_21510.xml(125601) ...ok.
2024-07-05 13:27:37 recv /myproject/myserver/surfdata/SURF_ZH_20240705132700_21571.xml(125550) ...ok.
2024-07-05 13:28:37 recv /myproject/myserver/surfdata/SURF_ZH_20240705132800_21636.xml(125552) ...ok.
2024-07-05 13:29:37 recv /myproject/myserver/surfdata/SURF_ZH_20240705132900_21697.xml(125576) ...ok.
2024-07-05 13:30:38 recv /myproject/myserver/surfdata/SURF_ZH_20240705133000_21765.xml(125609) ...ok.
2024-07-05 13:31:38 recv /myproject/myserver/surfdata/SURF_ZH_20240705133100_21827.xml(125601) ...ok.
2024-07-05 13:32:38 recv /myproject/myserver/surfdata/SURF_ZH_20240705133200_21888.xml(125607) ...ok.
2024-07-05 13:33:38 recv /myproject/myserver/surfdata/SURF_ZH_20240705133300_21953.xml(125558) ...ok.
2024-07-05 13:34:38 recv /myproject/myserver/surfdata/SURF_ZH_20240705133400_22016.xml(125551) ...ok.
2024-07-05 13:35:38 recv /myproject/myserver/surfdata/SURF_ZH_20240705133500_22077.xml(125587) ...ok.
2024-07-05 13:36:38 recv /myproject/myserver/surfdata/SURF_ZH_20240705133600_22138.xml(125582) ...ok.
2024-07-05 13:37:39 recv /myproject/myserver/surfdata/SURF_ZH_20240705133700_22201.xml(125611) ...ok.
2024-07-05 13:38:39 recv /myproject/myserver/surfdata/SURF_ZH_20240705133800_22265.xml(125586) ...ok.
2024-07-05 13:39:39 recv /myproject/myserver/surfdata/SURF_ZH_20240705133900_22325.xml(125584) ...ok.
2024-07-05 13:40:39 recv /myproject/myserver/surfdata/SURF_ZH_20240705134000_22396.xml(125549) ...ok.
2024-07-05 13:41:39 recv /myproject/myserver/surfdata/SURF_ZH_20240705134100_22477.xml(125574) ...ok.
2024-07-05 13:42:39 recv /myproject/myserver/surfdata/SURF_ZH_20240705134200_22539.xml(125612) ...ok.
2024-07-05 13:43:39 recv /myproject/myserver/surfdata/SURF_ZH_20240705134300_22604.xml(125610) ...ok.
2024-07-05 13:44:40 recv /myproject/myserver/surfdata/SURF_ZH_20240705134400_22665.xml(125614) ...ok.
2024-07-05 13:45:40 recv /myproject/myserver/surfdata/SURF_ZH_20240705134500_22727.xml(125574) ...ok.
2024-07-05 13:46:40 recv /myproject/myserver/surfdata/SURF_ZH_20240705134600_22789.xml(125533) ...ok.
2024-07-05 13:47:40 recv /myproject/myserver/surfdata/SURF_ZH_20240705134700_22850.xml(125608) ...ok.
2024-07-05 13:48:40 recv /myproject/myserver/surfdata/SURF_ZH_20240705134800_22914.xml(125528) ...ok.
2024-07-05 13:49:40 recv /myproject/myserver/surfdata/SURF_ZH_20240705134900_22976.xml(125542) ...ok.
2024-07-05 13:50:40 recv /myproject/myserver/surfdata/SURF_ZH_20240705135000_23043.xml(125578) ...ok.
2024-07-05 13:51:41 recv /myproject/myserver/surfdata/SURF_ZH_20240705135100_23104.xml(125632) ...ok.
2024-07-05 13:52:41 recv /myproject/myserver/surfdata/SURF_ZH_20240705135200_23166.xml(125582) ...ok.
2024-07-05 13:53:41 recv /myproject/myserver/surfdata/SURF_ZH_20240705135300_23251.xml(125592) ...ok.
2024-07-05 13:54:41 recv /myproject/myserver/surfdata/SURF_ZH_20240705135400_23313.xml(125585) ...ok.
2024-07-05 13:55:41 recv /myproject/myserver/surfdata/SURF_ZH_20240705135500_23377.xml(125595) ...ok.
2024-07-05 13:56:41 recv /myproject/myserver/surfdata/SURF_ZH_20240705135600_23438.xml(125544) ...ok.
2024-07-05 13:57:41 recv /myproject/myserver/surfdata/SURF_ZH_20240705135700_23499.xml(125568) ...ok.
2024-07-05 13:58:12 recv /myproject/myserver/surfdata/SURF_ZH_20240705135800_23565.xml(125603) ...ok.
2024-07-05 13:59:12 recv /myproject/myserver/surfdata/SURF_ZH_20240705135900_23626.xml(125590) ...ok.
2024-07-05 14:00:12 recv /myproject/myserver/surfdata/SURF_ZH_20240705140000_23692.xml(125567) ...ok.
2024-07-05 14:01:12 recv /myproject/myserver/surfdata/SURF_ZH_20240705140100_23767.xml(125613) ...ok.
2024-07-05 14:02:12 recv /myproject/myserver/surfdata/SURF_ZH_20240705140200_23828.xml(125580) ...ok.
2024-07-05 14:03:12 recv /myproject/myserver/surfdata/SURF_ZH_20240705140300_23892.xml(125606) ...ok.
2024-07-05 14:04:12 recv /myproject/myserver/surfdata/SURF_ZH_20240705140400_23954.xml(125574) ...ok.
2024-07-05 14:05:13 recv /myproject/myserver/surfdata/SURF_ZH_20240705140500_24035.xml(125572) ...ok.
2024-07-05 14:06:13 recv /myproject/myserver/surfdata/SURF_ZH_20240705140600_24097.xml(125580) ...ok.
2024-07-05 14:07:13 recv /myproject/myserver/surfdata/SURF_ZH_20240705140700_24159.xml(125597) ...ok.
2024-07-05 14:08:13 recv /myproject/myserver/surfdata/SURF_ZH_20240705140800_24223.xml(125572) ...ok.
2024-07-05 14:09:13 recv /myproject/myserver/surfdata/SURF_ZH_20240705140900_24285.xml(125602) ...ok.
2024-07-05 14:10:13 recv /myproject/myserver/surfdata/SURF_ZH_20240705141000_24352.xml(125588) ...ok.
2024-07-05 14:11:13 recv /myproject/myserver/surfdata/SURF_ZH_20240705141100_24413.xml(125566) ...ok.
2024-07-05 14:12:14 recv /myproject/myserver/surfdata/SURF_ZH_20240705141200_24474.xml(125589) ...ok.
2024-07-05 14:13:14 recv /myproject/myserver/surfdata/SURF_ZH_20240705141300_24539.xml(125631) ...ok.
2024-07-05 14:14:14 recv /myproject/myserver/surfdata/SURF_ZH_20240705141400_24607.xml(125552) ...ok.
2024-07-05 14:15:14 recv /myproject/myserver/surfdata/SURF_ZH_20240705141500_24677.xml(125563) ...ok.
2024-07-05 14:16:14 recv /myproject/myserver/surfdata/SURF_ZH_20240705141600_24739.xml(125593) ...ok.
2024-07-05 14:17:14 recv /myproject/myserver/surfdata/SURF_ZH_20240705141700_24801.xml(125543) ...ok.
2024-07-05 14:18:14 recv /myproject/myserver/surfdata/SURF_ZH_20240705141800_24865.xml(125597) ...ok.
2024-07-05 14:19:15 recv /myproject/myserver/surfdata/SURF_ZH_20240705141900_24947.xml(125568) ...ok.
2024-07-05 14:20:15 recv /myproject/myserver/surfdata/SURF_ZH_20240705142000_25013.xml(125561) ...ok.
2024-07-05 14:21:15 recv /myproject/myserver/surfdata/SURF_ZH_20240705142100_25074.xml(125539) ...ok.
2024-07-05 14:22:15 recv /myproject/myserver/surfdata/SURF_ZH_20240705142200_25137.xml(125559) ...ok.
2024-07-05 14:23:15 recv /myproject/myserver/surfdata/SURF_ZH_20240705142300_25201.xml(125570) ...ok.
2024-07-05 14:24:15 recv /myproject/myserver/surfdata/SURF_ZH_20240705142400_25262.xml(125609) ...ok.
2024-07-05 14:25:15 recv /myproject/myserver/surfdata/SURF_ZH_20240705142500_25325.xml(125565) ...ok.
2024-07-05 14:26:16 recv /myproject/myserver/surfdata/SURF_ZH_20240705142600_25386.xml(125548) ...ok.
2024-07-05 14:27:16 recv /myproject/myserver/surfdata/SURF_ZH_20240705142700_25449.xml(125604) ...ok.
2024-07-05 14:28:16 recv /myproject/myserver/surfdata/SURF_ZH_20240705142800_25515.xml(125592) ...ok.
2024-07-05 14:29:16 recv /myproject/myserver/surfdata/SURF_ZH_20240705142900_25576.xml(125532) ...ok.
2024-07-05 14:30:16 recv /myproject/myserver/surfdata/SURF_ZH_20240705143000_25644.xml(125581) ...ok.
2024-07-05 14:31:16 recv /myproject/myserver/surfdata/SURF_ZH_20240705143100_25706.xml(125600) ...ok.
2024-07-05 14:32:16 recv /myproject/myserver/surfdata/SURF_ZH_20240705143200_25787.xml(125619) ...ok.
2024-07-05 14:33:17 recv /myproject/myserver/surfdata/SURF_ZH_20240705143300_25852.xml(125571) ...ok.
2024-07-05 14:34:17 recv /myproject/myserver/surfdata/SURF_ZH_20240705143400_25914.xml(125553) ...ok.
2024-07-05 14:35:17 recv /myproject/myserver/surfdata/SURF_ZH_20240705143500_25975.xml(125560) ...ok.
2024-07-05 14:36:17 recv /myproject/myserver/surfdata/SURF_ZH_20240705143600_26036.xml(125586) ...ok.
2024-07-05 14:37:17 recv /myproject/myserver/surfdata/SURF_ZH_20240705143700_26109.xml(125587) ...ok.
2024-07-05 14:38:17 recv /myproject/myserver/surfdata/SURF_ZH_20240705143800_26173.xml(125617) ...ok.
2024-07-05 14:39:17 recv /myproject/myserver/surfdata/SURF_ZH_20240705143900_26235.xml(125566) ...ok.
2024-07-05 14:40:18 recv /myproject/myserver/surfdata/SURF_ZH_20240705144000_26302.xml(125606) ...ok.
2024-07-05 14:41:18 recv /myproject/myserver/surfdata/SURF_ZH_20240705144100_26374.xml(125577) ...ok.
2024-07-05 14:42:18 recv /myproject/myserver/surfdata/SURF_ZH_20240705144200_26436.xml(125561) ...ok.
2024-07-05 14:43:18 recv /myproject/myserver/surfdata/SURF_ZH_20240705144300_26501.xml(125557) ...ok.
2024-07-05 14:44:18 recv /myproject/myserver/surfdata/SURF_ZH_20240705144400_26647.xml(125594) ...ok.
2024-07-05 14:45:18 recv /myproject/myserver/surfdata/SURF_ZH_20240705144500_26728.xml(125560) ...ok.
2024-07-05 14:46:18 recv /myproject/myserver/surfdata/SURF_ZH_20240705144600_26790.xml(125546) ...ok.
2024-07-05 14:47:18 recv /myproject/myserver/surfdata/SURF_ZH_20240705144700_26851.xml(125560) ...ok.
2024-07-05 14:48:19 recv /myproject/myserver/surfdata/SURF_ZH_20240705144800_26915.xml(125573) ...ok.
2024-07-05 14:49:19 recv /myproject/myserver/surfdata/SURF_ZH_20240705144900_26978.xml(125546) ...ok.
2024-07-05 14:50:19 recv /myproject/myserver/surfdata/SURF_ZH_20240705145000_27045.xml(125570) ...ok.
2024-07-05 14:51:19 recv /myproject/myserver/surfdata/SURF_ZH_20240705145100_27119.xml(125566) ...ok.
2024-07-05 14:52:19 recv /myproject/myserver/surfdata/SURF_ZH_20240705145200_27183.xml(125544) ...ok.
2024-07-05 14:53:19 recv /myproject/myserver/surfdata/SURF_ZH_20240705145300_27247.xml(125574) ...ok.
2024-07-05 14:54:19 recv /myproject/myserver/surfdata/SURF_ZH_20240705145400_27308.xml(125554) ...ok.
2024-07-05 14:55:20 recv /myproject/myserver/surfdata/SURF_ZH_20240705145500_27371.xml(125576) ...ok.
2024-07-05 14:56:20 recv /myproject/myserver/surfdata/SURF_ZH_20240705145600_27432.xml(125593) ...ok.
2024-07-05 14:57:20 recv /myproject/myserver/surfdata/SURF_ZH_20240705145700_27493.xml(125595) ...ok.
2024-07-05 14:58:20 recv /myproject/myserver/surfdata/SURF_ZH_20240705145800_27559.xml(125605) ...ok.
2024-07-05 14:59:20 recv /myproject/myserver/surfdata/SURF_ZH_20240705145900_27640.xml(125571) ...ok.
2024-07-05 15:00:20 recv /myproject/myserver/surfdata/SURF_ZH_20240705150000_27705.xml(125598) ...ok.
2024-07-05 15:01:20 recv /myproject/myserver/surfdata/SURF_ZH_20240705150100_27780.xml(125545) ...ok.
2024-07-05 15:02:21 recv /myproject/myserver/surfdata/SURF_ZH_20240705150200_27847.xml(125544) ...ok.
2024-07-05 15:03:21 recv /myproject/myserver/surfdata/SURF_ZH_20240705150300_27990.xml(125538) ...ok.
2024-07-05 15:04:21 recv /myproject/myserver/surfdata/SURF_ZH_20240705150400_28113.xml(125538) ...ok.
2024-07-05 15:05:06 子进程退出，sig=15。
2024-07-05 15:05:06 父进程退出，sig=15。
